INFO:root:IP Address            :  192.168.1.1
INFO:root:Subnet Mask           :  255.255.255.0
INFO:root:Network Address       :  192.168.1.0
INFO:root:Broadcast             :  192.168.1.255
INFO:root:Usabel Rang           :  192.168.1.1 - 192.168.1.254
INFO:root:IP Address            :  192.168.1.1
INFO:root:Subnet Mask           :  255.255.255.0
INFO:root:Network Address       :  192.168.1.0
INFO:root:Broadcast             :  192.168.1.255
INFO:root:Usabel Rang           :  192.168.1.1 - 192.168.1.254
INFO:root:IP Address            :  192.168.1.1
INFO:root:Subnet Mask           :  255.255.255.0
INFO:root:Network Address       :  192.168.1.0
INFO:root:Broadcast             :  192.168.1.255
INFO:root:Usabel Rang           :  192.168.1.1 - 192.168.1.254
INFO:root:IP Address            :  192.168.20.1
INFO:root:Subnet Mask           :  255.255.255.240
INFO:root:Network Address       :  192.168.20.0
INFO:root:Broadcast             :  192.168.20.15
INFO:root:Usabel Rang           :  192.168.20.1 - 192.168.20.14
INFO:root:IP Address            :  1.1.1.1
INFO:root:Subnet Mask           :  255.255.255.0
INFO:root:Network Address       :  1.1.1.0
INFO:root:Broadcast             :  1.1.1.255
INFO:root:Usabel Rang           :  1.1.1.1 - 1.1.1.254
ERROR:paramiko.transport:Exception (client): Error reading SSH protocol banner
ERROR:paramiko.transport:Traceback (most recent call last):
ERROR:paramiko.transport:  File "/home/Wiji/PycharmProjects/P2/venv/lib/python3.7/site-packages/paramiko/transport.py", line 2292, in _check_banner
ERROR:paramiko.transport:    buf = self.packetizer.readline(timeout)
ERROR:paramiko.transport:  File "/home/Wiji/PycharmProjects/P2/venv/lib/python3.7/site-packages/paramiko/packet.py", line 374, in readline
ERROR:paramiko.transport:    buf += self._read_timeout(timeout)
ERROR:paramiko.transport:  File "/home/Wiji/PycharmProjects/P2/venv/lib/python3.7/site-packages/paramiko/packet.py", line 611, in _read_timeout
ERROR:paramiko.transport:    raise socket.timeout()
ERROR:paramiko.transport:socket.timeout
ERROR:paramiko.transport:
ERROR:paramiko.transport:During handling of the above exception, another exception occurred:
ERROR:paramiko.transport:
ERROR:paramiko.transport:Traceback (most recent call last):
ERROR:paramiko.transport:  File "/home/Wiji/PycharmProjects/P2/venv/lib/python3.7/site-packages/paramiko/transport.py", line 2113, in run
ERROR:paramiko.transport:    self._check_banner()
ERROR:paramiko.transport:  File "/home/Wiji/PycharmProjects/P2/venv/lib/python3.7/site-packages/paramiko/transport.py", line 2297, in _check_banner
ERROR:paramiko.transport:    "Error reading SSH protocol banner" + str(e)
ERROR:paramiko.transport:paramiko.ssh_exception.SSHException: Error reading SSH protocol banner
ERROR:paramiko.transport:
INFO:paramiko.transport:Connected (version 2.0, client ROSSSH)
INFO:paramiko.transport:Authentication (password) successful!
INFO:paramiko.transport:Connected (version 2.0, client ROSSSH)
INFO:paramiko.transport:Authentication (password) successful!
INFO:root:IP Address            :  192.168.20.1
INFO:root:Subnet Mask           :  255.255.255.240
INFO:root:Network Address       :  192.168.20.0
INFO:root:Broadcast             :  192.168.20.15
INFO:root:Usabel Rang           :  192.168.20.1 - 192.168.20.14
INFO:paramiko.transport:Connected (version 2.0, client ROSSSH)
INFO:paramiko.transport:Authentication (password) successful!
INFO:paramiko.transport:Connected (version 2.0, client ROSSSH)
INFO:paramiko.transport:Authentication (password) successful!
INFO:paramiko.transport:Connected (version 2.0, client ROSSSH)
INFO:paramiko.transport:Authentication (password) successful!
INFO:paramiko.transport:Connected (version 2.0, client ROSSSH)
INFO:paramiko.transport:Authentication (password) successful!
INFO:paramiko.transport:Connected (version 2.0, client ROSSSH)
INFO:paramiko.transport:Authentication (password) successful!
ERROR:root:Error: Angka yang diinput melebihi angka 32 atau kurang dari angka 8
ERROR:root:Error: Angka yang diinput melebihi angka 32 atau kurang dari angka 8
INFO:paramiko.transport:Connected (version 2.0, client ROSSSH)
INFO:paramiko.transport:Authentication (password) successful!
INFO:paramiko.transport:Connected (version 2.0, client ROSSSH)
INFO:paramiko.transport:Authentication (password) successful!
INFO:paramiko.transport:Connected (version 2.0, client ROSSSH)
INFO:paramiko.transport:Authentication (password) successful!
INFO:paramiko.transport:Connected (version 2.0, client ROSSSH)
INFO:paramiko.transport:Authentication (password) successful!
INFO:paramiko.transport:Connected (version 2.0, client ROSSSH)
INFO:paramiko.transport:Authentication (password) successful!
INFO:paramiko.transport:Connected (version 2.0, client ROSSSH)
INFO:paramiko.transport:Authentication (password) successful!
INFO:paramiko.transport:Connected (version 2.0, client ROSSSH)
INFO:paramiko.transport:Authentication (password) successful!
INFO:paramiko.transport:Connected (version 2.0, client ROSSSH)
INFO:paramiko.transport:Authentication (password) successful!
INFO:paramiko.transport:Connected (version 2.0, client ROSSSH)
INFO:paramiko.transport:Authentication (password) successful!
INFO:paramiko.transport:Connected (version 2.0, client ROSSSH)
INFO:paramiko.transport:Authentication (password) failed.
INFO:root:IP Address            :  192.168.1.1
INFO:root:Subnet Mask           :  255.255.255.0
INFO:root:Network Address       :  192.168.1.0
INFO:root:Broadcast             :  192.168.1.255
INFO:root:Usable Rang           :  192.168.1.1 - 192.168.1.254
INFO:root:IP Address            :  192.168.1.1
INFO:root:Subnet Mask           :  255.255.255.0
INFO:root:Network Address       :  192.168.1.0
INFO:root:Broadcast             :  192.168.1.255
INFO:root:Usable Rang           :  192.168.1.1 - 192.168.1.254
INFO:paramiko.transport:Connected (version 2.0, client ROSSSH)
INFO:paramiko.transport:Authentication (password) successful!
INFO:paramiko.transport:Connected (version 2.0, client ROSSSH)
INFO:paramiko.transport:Authentication (password) successful!
INFO:paramiko.transport:Connected (version 2.0, client ROSSSH)
INFO:paramiko.transport:Authentication (password) failed.
INFO:paramiko.transport:Connected (version 2.0, client ROSSSH)
INFO:paramiko.transport:Authentication (password) failed.
INFO:paramiko.transport:Connected (version 2.0, client ROSSSH)
INFO:paramiko.transport:Authentication (password) successful!
INFO:paramiko.transport:Disconnect (code 11): auth timeout
INFO:paramiko.transport:Disconnect (code 11): auth timeout
INFO:paramiko.transport:Connected (version 2.0, client ROSSSH)
INFO:paramiko.transport:Authentication (password) failed.
INFO:paramiko.transport:Connected (version 2.0, client ROSSSH)
INFO:paramiko.transport:Authentication (password) successful!
INFO:paramiko.transport:Connected (version 2.0, client ROSSSH)
INFO:paramiko.transport:Authentication (password) successful!
INFO:paramiko.transport:Connected (version 2.0, client ROSSSH)
INFO:paramiko.transport:Authentication (password) successful!
INFO:paramiko.transport:Connected (version 2.0, client ROSSSH)
INFO:paramiko.transport:Authentication (password) successful!
INFO:paramiko.transport:Connected (version 2.0, client ROSSSH)
INFO:paramiko.transport:Authentication (password) successful!
INFO:paramiko.transport:Connected (version 2.0, client ROSSSH)
INFO:paramiko.transport:Authentication (password) successful!
INFO:paramiko.transport:Connected (version 2.0, client ROSSSH)
INFO:paramiko.transport:Authentication (password) successful!
INFO:paramiko.transport:Connected (version 2.0, client ROSSSH)
INFO:paramiko.transport:Authentication (password) successful!
INFO:paramiko.transport:Connected (version 2.0, client ROSSSH)
INFO:paramiko.transport:Authentication (password) successful!
INFO:root:IP Address            :  192.168.10.1
INFO:root:Subnet Mask           :  255.255.255.128
INFO:root:Network Address       :  192.168.10.0
INFO:root:Broadcast             :  192.168.10.127
INFO:root:Usable Rang           :  192.168.10.1 - 192.168.10.126
INFO:paramiko.transport:Connected (version 2.0, client ROSSSH)
INFO:paramiko.transport:Authentication (password) successful!
INFO:root:IP Address            :  192.168.10.1
INFO:root:Subnet Mask           :  255.255.255.248
INFO:root:Network Address       :  192.168.10.0
INFO:root:Broadcast             :  192.168.10.7
INFO:root:Usable Rang           :  192.168.10.1 - 192.168.10.6
INFO:paramiko.transport:Connected (version 2.0, client ROSSSH)
INFO:paramiko.transport:Authentication (password) successful!
INFO:paramiko.transport:Connected (version 2.0, client ROSSSH)
INFO:paramiko.transport:Authentication (password) successful!
INFO:paramiko.transport:Connected (version 2.0, client ROSSSH)
INFO:paramiko.transport:Authentication (password) successful!
INFO:paramiko.transport:Connected (version 2.0, client ROSSSH)
INFO:paramiko.transport:Authentication (password) successful!
INFO:paramiko.transport:Connected (version 2.0, client ROSSSH)
INFO:paramiko.transport:Authentication (password) successful!
INFO:paramiko.transport:Connected (version 2.0, client ROSSSH)
INFO:paramiko.transport:Authentication (password) successful!
INFO:root:None
INFO:root:None
INFO:paramiko.transport:Connected (version 2.0, client ROSSSH)
INFO:paramiko.transport:Authentication (password) successful!
INFO:paramiko.transport:Connected (version 2.0, client ROSSSH)
INFO:paramiko.transport:Authentication (password) successful!
INFO:paramiko.transport:Connected (version 2.0, client ROSSSH)
INFO:paramiko.transport:Authentication (password) successful!
INFO:root:None
INFO:root:None
INFO:root:IP Address            :  192.168.3.1
INFO:root:Subnet Mask           :  255.255.255.224
INFO:root:Network Address       :  192.168.3.0
INFO:root:Broadcast             :  192.168.3.31
INFO:root:Usable Rang           :  192.168.3.1 - 192.168.3.30
INFO:root:IP Address            :  192.168.3.1
INFO:root:Subnet Mask           :  255.255.255.224
INFO:root:Network Address       :  192.168.3.0
INFO:root:Broadcast             :  192.168.3.31
INFO:root:Usable Rang           :  192.168.3.1 - 192.168.3.30
INFO:root:IP Address            :  10.1.1.1
INFO:root:Subnet Mask           :  255.255.255.252
INFO:root:Network Address       :  10.1.1.0
INFO:root:Broadcast             :  10.1.1.3
INFO:root:Usable Rang           :  10.1.1.1 - 10.1.1.2
INFO:root:IP Address            :  10.1.1.5
INFO:root:Subnet Mask           :  255.255.255.252
INFO:root:Network Address       :  10.1.1.4
INFO:root:Broadcast             :  10.1.1.7
INFO:root:Usable Rang           :  10.1.1.5 - 10.1.1.6
INFO:root:IP Address            :  192.168.3.1
INFO:root:Subnet Mask           :  255.255.255.224
INFO:root:Network Address       :  192.168.3.0
INFO:root:Broadcast             :  192.168.3.31
INFO:root:Usable Rang           :  192.168.3.1 - 192.168.3.30
INFO:root:IP Address            :  192.168.3.33
INFO:root:Subnet Mask           :  255.255.255.224
INFO:root:Network Address       :  192.168.3.32
INFO:root:Broadcast             :  192.168.3.63
INFO:root:Usable Rang           :  192.168.3.33 - 192.168.3.62
INFO:root:IP Address            :  10.1.1.6
INFO:root:Subnet Mask           :  255.255.255.252
INFO:root:Network Address       :  10.1.1.4
INFO:root:Broadcast             :  10.1.1.7
INFO:root:Usable Rang           :  10.1.1.5 - 10.1.1.6
INFO:root:IP Address            :  10.1.1.9
INFO:root:Subnet Mask           :  255.255.255.252
INFO:root:Network Address       :  10.1.1.8
INFO:root:Broadcast             :  10.1.1.11
INFO:root:Usable Rang           :  10.1.1.9 - 10.1.1.10
